<?xml version="1.0" encoding="UTF-8"?>
<!-- Generated by org.testng.reporters.JUnitReportReporter -->
<testsuite hostname="LAPTOP-R31L8LO7" failures="0" tests="1" name="com.Rediff_TestCases.Signin_Signout_Again_Signin" time="98.630" errors="0" timestamp="2024-02-01T08:25:53 IST" skipped="0">
  <testcase classname="com.Rediff_TestCases.Signin_Signout_Again_Signin" name="signinsignoutAgainsign" time="98.630"/>
  <system-out/>
</testsuite> <!-- com.Rediff_TestCases.Signin_Signout_Again_Signin -->
