<?xml version="1.0" encoding="UTF-8"?>
<!-- Generated by org.testng.reporters.JUnitReportReporter -->
<testsuite hostname="LAPTOP-R31L8LO7" failures="0" tests="1" name="com.Rediff_TestCases.Open_My_Portfolio" time="92.895" errors="0" timestamp="2024-01-29T21:49:06 IST" skipped="0">
  <testcase classname="com.Rediff_TestCases.Open_My_Portfolio" name="openMyPortfolio" time="92.895"/>
  <system-out/>
</testsuite> <!-- com.Rediff_TestCases.Open_My_Portfolio -->
