<?xml version="1.0" encoding="UTF-8"?>
<!-- Generated by org.testng.reporters.JUnitReportReporter -->
<testsuite hostname="LAPTOP-R31L8LO7" failures="0" tests="1" name="com.Utills.DateUtill" time="0.068" errors="0" timestamp="2024-01-30T07:30:58 IST" skipped="0">
  <testcase classname="com.Utills.DateUtill" name="getTimeStamp" time="0.068"/>
  <system-out/>
</testsuite> <!-- com.Utills.DateUtill -->
