<?xml version="1.0" encoding="UTF-8"?>
<!-- Generated by org.testng.reporters.JUnitReportReporter -->
<testsuite hostname="LAPTOP-R31L8LO7" failures="0" tests="1" name="com.Utills.GetExtentReport" time="0.943" errors="0" timestamp="2024-02-22T11:08:31 IST" skipped="0">
  <testcase classname="com.Utills.GetExtentReport" name="getReport" time="0.943"/>
  <system-out/>
</testsuite> <!-- com.Utills.GetExtentReport -->
